<?xml version="1.0" encoding="UTF-8"?>
<!-- Generated by org.testng.reporters.JUnitReportReporter -->
<testsuite hostname="DESKTOP-D12SMQ1" failures="0" tests="1" name="com.hrm.qa.testcases.LeaveRequestPageTest" time="10.761" errors="0" timestamp="2023-07-10T20:48:29 IST" skipped="0">
  <testcase classname="com.hrm.qa.testcases.LeaveRequestPageTest" name="leaveRequest" time="10.761"/>
  <system-out/>
</testsuite> <!-- com.hrm.qa.testcases.LeaveRequestPageTest -->
