<?xml version="1.0" encoding="UTF-8"?>
<!-- Generated by org.testng.reporters.JUnitReportReporter -->
<testsuite hostname="DESKTOP-D12SMQ1" failures="0" tests="2" name="com.hrm.qa.testcases.LoginPageTest" time="26.359" errors="0" timestamp="2023-07-21T01:25:56 IST" skipped="0">
  <testcase classname="com.hrm.qa.testcases.LoginPageTest" name="loginPageTitleTest" time="8.993"/>
  <system-out/>
  <testcase classname="com.hrm.qa.testcases.LoginPageTest" name="loginTest" time="17.366"/>
  <system-out/>
</testsuite> <!-- com.hrm.qa.testcases.LoginPageTest -->
